GPU NVIDIA GeForce RTX 3060/PCIe/SSE2 (NVIDIA Corporation)
OpenGL 4.6.0 NVIDIA 556.12
[Atlas] Texture size is: 4096x4096 (max: 32768x32768)
Found work dir at 'C:/Users/User/Desktop/ot7/otclientv8-official/'
== application started at Sep 21 2025 02:23:46
OTCv8 3.2 rev 4 (dev) made by otclient.net built on Feb 26 2023 for arch x86
WARNING: HTTP error for http://otclient.ovh/api/status.php: Invalid http status code (403)
WARNING: HTTP error for http://otclient.ovh/api/status.php: Invalid http status code (403)
Exiting application..
ERROR: unable to open file for writing '/settings/questlog.json': not found
WARNING: widget 'widget1316' was not explicitly destroyed
GPU ANGLE (NVIDIA GeForce RTX 3060 Direct3D11 vs_5_0 ps_5_0) (Google Inc.)
OpenGL OpenGL ES 3.0.0 (ANGLE 2.1.0.54a3d7cbcadb)
[Atlas] Texture size is: 4096x4096 (max: 16384x16384)
Found work dir at 'C:/Users/User/Desktop/ot7/otclientv8-official/'
== application started at Sep 21 2025 02:23:59
OTCv8 3.2 rev 4 (dev) made by otclient.net built on Feb 26 2023 for arch x86
WARNING: HTTP error for http://otclient.ovh/api/status.php: Invalid http status code (403)
WARNING: HTTP error for http://otclient.ovh/api/status.php: Invalid http status code (403)
WARNING: HTTP error for http://otclient.ovh/api/status.php: Invalid http status code (403)
Exiting application..
ERROR: unable to open file for writing '/settings/questlog.json': not found
WARNING: widget 'widget1316' was not explicitly destroyed
GPU NVIDIA GeForce RTX 3060/PCIe/SSE2 (NVIDIA Corporation)
OpenGL 4.6.0 NVIDIA 556.12
[Atlas] Texture size is: 4096x4096 (max: 32768x32768)
Found work dir at 'C:/Users/User/Desktop/ot7/otclientv8-official/'
== application started at Sep 21 2025 02:24:56
OTCv8 3.2 rev 4 (dev) made by otclient.net built on Feb 26 2023 for arch x86
WARNING: HTTP error for http://otclient.ovh/api/status.php: Invalid http status code (403)
Exiting application..
ERROR: unable to open file for writing '/settings/questlog.json': not found
WARNING: widget 'widget1316' was not explicitly destroyed
GPU NVIDIA GeForce RTX 3060/PCIe/SSE2 (NVIDIA Corporation)
OpenGL 4.6.0 NVIDIA 556.12
[Atlas] Texture size is: 4096x4096 (max: 32768x32768)
Found work dir at 'C:/Users/User/Desktop/ot7/otclientv8-official/'
== application started at Sep 21 2025 02:26:28
OTCv8 3.2 rev 4 (dev) made by otclient.net built on Feb 26 2023 for arch x86
WARNING: HTTP error for http://otclient.ovh/api/status.php: Invalid http status code (403)
WARNING: HTTP error for http://otclient.ovh/api/status.php: Invalid http status code (403)
Exiting application..
ERROR: unable to open file for writing '/settings/questlog.json': not found
WARNING: widget 'widget1316' was not explicitly destroyed
